<?xml version="1.0" encoding="UTF-8"?>
<testsuites>
  <testsuite name="graphs-efficacy-fstg01" timestamp="2024-11-26T16:39:39Z" hostname="7b83bdb8de48" tests="7" skipped="7" failures="0" errors="0" time="2.471">
    <testcase time="2.306" classname="graphs_efficacy_fstg01" name="graphs_efficacy_fstg01.qmd_width_development">
      <skipped message="Reason: Snapshot test is not implemented for object of class: numeric. ('test-graphs-efficacy-fstg01.R:1:1')"/>
    </testcase>
    <testcase time="0.073" classname="graphs_efficacy_fstg01" name="graphs_efficacy_fstg01.qmd_height_development">
      <skipped message="Reason: Snapshot test is not implemented for object of class: numeric. ('test-graphs-efficacy-fstg01.R:1:1')"/>
    </testcase>
    <testcase time="0.0329999999999999" classname="graphs_efficacy_fstg01" name="graphs_efficacy_fstg01.qmd_plot_v1_development">
      <skipped message="Reason: Snapshot test is not implemented for object of class: gg, ggplot. ('test-graphs-efficacy-fstg01.R:1:1')"/>
    </testcase>
    <testcase time="0.0150000000000001" classname="graphs_efficacy_fstg01" name="graphs_efficacy_fstg01.qmd_plot_v2_development">
      <skipped message="Reason: Snapshot test is not implemented for object of class: gg, ggplot. ('test-graphs-efficacy-fstg01.R:1:1')"/>
    </testcase>
    <testcase time="0.0150000000000001" classname="graphs_efficacy_fstg01" name="graphs_efficacy_fstg01.qmd_plot_v3_development">
      <skipped message="Reason: Snapshot test is not implemented for object of class: gg, ggplot. ('test-graphs-efficacy-fstg01.R:1:1')"/>
    </testcase>
    <testcase time="0.0149999999999997" classname="graphs_efficacy_fstg01" name="graphs_efficacy_fstg01.qmd_plot_v4_development">
      <skipped message="Reason: Snapshot test is not implemented for object of class: gg, ggplot. ('test-graphs-efficacy-fstg01.R:1:1')"/>
    </testcase>
    <testcase time="0.0140000000000002" classname="graphs_efficacy_fstg01" name="graphs_efficacy_fstg01.qmd_plot_v5_development">
      <skipped message="Reason: Snapshot test is not implemented for object of class: gg, ggplot. ('test-graphs-efficacy-fstg01.R:1:1')"/>
    </testcase>
  </testsuite>
  <testsuite name="graphs-efficacy-fstg02" timestamp="2024-11-26T16:39:39Z" hostname="7b83bdb8de48" tests="7" skipped="7" failures="0" errors="0" time="0.529">
    <testcase time="0.439" classname="graphs_efficacy_fstg02" name="graphs_efficacy_fstg02.qmd_width_development">
      <skipped message="Reason: Snapshot test is not implemented for object of class: numeric. ('test-graphs-efficacy-fstg02.R:1:1')"/>
    </testcase>
    <testcase time="0.0149999999999997" classname="graphs_efficacy_fstg02" name="graphs_efficacy_fstg02.qmd_height_development">
      <skipped message="Reason: Snapshot test is not implemented for object of class: numeric. ('test-graphs-efficacy-fstg02.R:1:1')"/>
    </testcase>
    <testcase time="0.016" classname="graphs_efficacy_fstg02" name="graphs_efficacy_fstg02.qmd_plot_v1_development">
      <skipped message="Reason: Snapshot test is not implemented for object of class: gg, ggplot. ('test-graphs-efficacy-fstg02.R:1:1')"/>
    </testcase>
    <testcase time="0.0140000000000002" classname="graphs_efficacy_fstg02" name="graphs_efficacy_fstg02.qmd_plot_v2_development">
      <skipped message="Reason: Snapshot test is not implemented for object of class: gg, ggplot. ('test-graphs-efficacy-fstg02.R:1:1')"/>
    </testcase>
    <testcase time="0.0150000000000001" classname="graphs_efficacy_fstg02" name="graphs_efficacy_fstg02.qmd_plot_v3_development">
      <skipped message="Reason: Snapshot test is not implemented for object of class: gg, ggplot. ('test-graphs-efficacy-fstg02.R:1:1')"/>
    </testcase>
    <testcase time="0.0149999999999997" classname="graphs_efficacy_fstg02" name="graphs_efficacy_fstg02.qmd_plot_v4_development">
      <skipped message="Reason: Snapshot test is not implemented for object of class: gg, ggplot. ('test-graphs-efficacy-fstg02.R:1:1')"/>
    </testcase>
    <testcase time="0.0150000000000001" classname="graphs_efficacy_fstg02" name="graphs_efficacy_fstg02.qmd_plot_v3.width_development">
      <skipped message="Reason: Snapshot test is not implemented for object of class: numeric. ('test-graphs-efficacy-fstg02.R:1:1')"/>
    </testcase>
  </testsuite>
  <testsuite name="graphs-efficacy-kmg01" timestamp="2024-11-26T16:39:40Z" hostname="7b83bdb8de48" tests="8" skipped="8" failures="0" errors="0" time="0.905">
    <testcase time="0.824" classname="graphs_efficacy_kmg01" name="graphs_efficacy_kmg01.qmd_width_development">
      <skipped message="Reason: Snapshot test is not implemented for object of class: numeric. ('test-graphs-efficacy-kmg01.R:1:1')"/>
    </testcase>
    <testcase time="0.0120000000000005" classname="graphs_efficacy_kmg01" name="graphs_efficacy_kmg01.qmd_height_development">
      <skipped message="Reason: Snapshot test is not implemented for object of class: numeric. ('test-graphs-efficacy-kmg01.R:1:1')"/>
    </testcase>
    <testcase time="0.0119999999999996" classname="graphs_efficacy_kmg01" name="graphs_efficacy_kmg01.qmd_plot_v1_development">
      <skipped message="Reason: Snapshot test is not implemented for object of class: gg, ggplot. ('test-graphs-efficacy-kmg01.R:1:1')"/>
    </testcase>
    <testcase time="0.0110000000000001" classname="graphs_efficacy_kmg01" name="graphs_efficacy_kmg01.qmd_plot_v2_development">
      <skipped message="Reason: Snapshot test is not implemented for object of class: gg, ggplot. ('test-graphs-efficacy-kmg01.R:1:1')"/>
    </testcase>
    <testcase time="0.0120000000000005" classname="graphs_efficacy_kmg01" name="graphs_efficacy_kmg01.qmd_plot_v3_development">
      <skipped message="Reason: Snapshot test is not implemented for object of class: gg, ggplot. ('test-graphs-efficacy-kmg01.R:1:1')"/>
    </testcase>
    <testcase time="0.0109999999999992" classname="graphs_efficacy_kmg01" name="graphs_efficacy_kmg01.qmd_plot_v4_development">
      <skipped message="Reason: Snapshot test is not implemented for object of class: gg, ggplot. ('test-graphs-efficacy-kmg01.R:1:1')"/>
    </testcase>
    <testcase time="0.0120000000000005" classname="graphs_efficacy_kmg01" name="graphs_efficacy_kmg01.qmd_plot_v5_development">
      <skipped message="Reason: Snapshot test is not implemented for object of class: gg, ggplot. ('test-graphs-efficacy-kmg01.R:1:1')"/>
    </testcase>
    <testcase time="0.0110000000000001" classname="graphs_efficacy_kmg01" name="graphs_efficacy_kmg01.qmd_plot_v6_development">
      <skipped message="Reason: Snapshot test is not implemented for object of class: gg, ggplot. ('test-graphs-efficacy-kmg01.R:1:1')"/>
    </testcase>
  </testsuite>
  <testsuite name="graphs-efficacy-mmrmg01" timestamp="2024-11-26T16:39:41Z" hostname="7b83bdb8de48" tests="6" skipped="6" failures="0" errors="0" time="0.562">
    <testcase time="0.498" classname="graphs_efficacy_mmrmg01" name="graphs_efficacy_mmrmg01.qmd_plot_v1_development">
      <skipped message="Reason: Snapshot test is not implemented for object of class: gg, ggplot. ('test-graphs-efficacy-mmrmg01.R:1:1')"/>
    </testcase>
    <testcase time="0.0129999999999999" classname="graphs_efficacy_mmrmg01" name="graphs_efficacy_mmrmg01.qmd_plot_v2_development">
      <skipped message="Reason: Snapshot test is not implemented for object of class: gg, ggplot. ('test-graphs-efficacy-mmrmg01.R:1:1')"/>
    </testcase>
    <testcase time="0.0129999999999999" classname="graphs_efficacy_mmrmg01" name="graphs_efficacy_mmrmg01.qmd_plot_v3_development">
      <skipped message="Reason: Snapshot test is not implemented for object of class: gg, ggplot. ('test-graphs-efficacy-mmrmg01.R:1:1')"/>
    </testcase>
    <testcase time="0.0119999999999996" classname="graphs_efficacy_mmrmg01" name="graphs_efficacy_mmrmg01.qmd_plot_v4_development">
      <skipped message="Reason: Snapshot test is not implemented for object of class: gg, ggplot. ('test-graphs-efficacy-mmrmg01.R:1:1')"/>
    </testcase>
    <testcase time="0.0129999999999999" classname="graphs_efficacy_mmrmg01" name="graphs_efficacy_mmrmg01.qmd_plot_v5_development">
      <skipped message="Reason: Snapshot test is not implemented for object of class: gg, ggplot. ('test-graphs-efficacy-mmrmg01.R:1:1')"/>
    </testcase>
    <testcase time="0.0129999999999999" classname="graphs_efficacy_mmrmg01" name="graphs_efficacy_mmrmg01.qmd_plot_v6_development">
      <skipped message="Reason: Snapshot test is not implemented for object of class: gg, ggplot. ('test-graphs-efficacy-mmrmg01.R:1:1')"/>
    </testcase>
  </testsuite>
  <testsuite name="graphs-efficacy-mmrmg02" timestamp="2024-11-26T16:39:41Z" hostname="7b83bdb8de48" tests="3" skipped="3" failures="0" errors="0" time="0.151">
    <testcase time="0.125" classname="graphs_efficacy_mmrmg02" name="graphs_efficacy_mmrmg02.qmd_width_development">
      <skipped message="Reason: Snapshot test is not implemented for object of class: numeric. ('test-graphs-efficacy-mmrmg02.R:1:1')"/>
    </testcase>
    <testcase time="0.0130000000000008" classname="graphs_efficacy_mmrmg02" name="graphs_efficacy_mmrmg02.qmd_plot_v1_development">
      <skipped message="Reason: Snapshot test is not implemented for object of class: gg, ggplot. ('test-graphs-efficacy-mmrmg02.R:1:1')"/>
    </testcase>
    <testcase time="0.0129999999999999" classname="graphs_efficacy_mmrmg02" name="graphs_efficacy_mmrmg02.qmd_plot_v2_development">
      <skipped message="Reason: Snapshot test is not implemented for object of class: gg, ggplot. ('test-graphs-efficacy-mmrmg02.R:1:1')"/>
    </testcase>
  </testsuite>
  <testsuite name="graphs-other-brg01" timestamp="2024-11-26T16:39:41Z" hostname="7b83bdb8de48" tests="9" skipped="9" failures="0" errors="0" time="0.49">
    <testcase time="0.396" classname="graphs_other_brg01" name="graphs_other_brg01.qmd_plot_v1_development">
      <skipped message="Reason: Snapshot test is not implemented for object of class: gg, ggplot. ('test-graphs-other-brg01.R:1:1')"/>
    </testcase>
    <testcase time="0.0119999999999996" classname="graphs_other_brg01" name="graphs_other_brg01.qmd_plot_v2_development">
      <skipped message="Reason: Snapshot test is not implemented for object of class: gg, ggplot. ('test-graphs-other-brg01.R:1:1')"/>
    </testcase>
    <testcase time="0.0120000000000005" classname="graphs_other_brg01" name="graphs_other_brg01.qmd_plot_v3_development">
      <skipped message="Reason: Snapshot test is not implemented for object of class: gg, ggplot. ('test-graphs-other-brg01.R:1:1')"/>
    </testcase>
    <testcase time="0.0110000000000001" classname="graphs_other_brg01" name="graphs_other_brg01.qmd_plot_v4_development">
      <skipped message="Reason: Snapshot test is not implemented for object of class: gg, ggplot. ('test-graphs-other-brg01.R:1:1')"/>
    </testcase>
    <testcase time="0.0119999999999996" classname="graphs_other_brg01" name="graphs_other_brg01.qmd_plot_v5_development">
      <skipped message="Reason: Snapshot test is not implemented for object of class: gg, ggplot. ('test-graphs-other-brg01.R:1:1')"/>
    </testcase>
    <testcase time="0.0120000000000005" classname="graphs_other_brg01" name="graphs_other_brg01.qmd_plot_v6_development">
      <skipped message="Reason: Snapshot test is not implemented for object of class: gg, ggplot. ('test-graphs-other-brg01.R:1:1')"/>
    </testcase>
    <testcase time="0.0109999999999992" classname="graphs_other_brg01" name="graphs_other_brg01.qmd_plot_v7_development">
      <skipped message="Reason: Snapshot test is not implemented for object of class: gg, ggplot. ('test-graphs-other-brg01.R:1:1')"/>
    </testcase>
    <testcase time="0.0120000000000005" classname="graphs_other_brg01" name="graphs_other_brg01.qmd_plot_v8_development">
      <skipped message="Reason: Snapshot test is not implemented for object of class: gg, ggplot. ('test-graphs-other-brg01.R:1:1')"/>
    </testcase>
    <testcase time="0.0119999999999996" classname="graphs_other_brg01" name="graphs_other_brg01.qmd_plot_v9_development">
      <skipped message="Reason: Snapshot test is not implemented for object of class: gg, ggplot. ('test-graphs-other-brg01.R:1:1')"/>
    </testcase>
  </testsuite>
  <testsuite name="graphs-other-bwg01" timestamp="2024-11-26T16:39:42Z" hostname="7b83bdb8de48" tests="9" skipped="9" failures="0" errors="0" time="0.645">
    <testcase time="0.552" classname="graphs_other_bwg01" name="graphs_other_bwg01.qmd_plot_v1_development">
      <skipped message="Reason: Snapshot test is not implemented for object of class: gg, ggplot. ('test-graphs-other-bwg01.R:1:1')"/>
    </testcase>
    <testcase time="0.0129999999999999" classname="graphs_other_bwg01" name="graphs_other_bwg01.qmd_plot_v2_development">
      <skipped message="Reason: Snapshot test is not implemented for object of class: gg, ggplot. ('test-graphs-other-bwg01.R:1:1')"/>
    </testcase>
    <testcase time="0.0110000000000001" classname="graphs_other_bwg01" name="graphs_other_bwg01.qmd_plot_v3_development">
      <skipped message="Reason: Snapshot test is not implemented for object of class: gg, ggplot. ('test-graphs-other-bwg01.R:1:1')"/>
    </testcase>
    <testcase time="0.0119999999999996" classname="graphs_other_bwg01" name="graphs_other_bwg01.qmd_plot_v4_development">
      <skipped message="Reason: Snapshot test is not implemented for object of class: gg, ggplot. ('test-graphs-other-bwg01.R:1:1')"/>
    </testcase>
    <testcase time="0.0110000000000001" classname="graphs_other_bwg01" name="graphs_other_bwg01.qmd_plot_v5_development">
      <skipped message="Reason: Snapshot test is not implemented for object of class: gg, ggplot. ('test-graphs-other-bwg01.R:1:1')"/>
    </testcase>
    <testcase time="0.0119999999999996" classname="graphs_other_bwg01" name="graphs_other_bwg01.qmd_plot_v6_development">
      <skipped message="Reason: Snapshot test is not implemented for object of class: gg, ggplot. ('test-graphs-other-bwg01.R:1:1')"/>
    </testcase>
    <testcase time="0.0110000000000001" classname="graphs_other_bwg01" name="graphs_other_bwg01.qmd_plot_v7_development">
      <skipped message="Reason: Snapshot test is not implemented for object of class: gg, ggplot. ('test-graphs-other-bwg01.R:1:1')"/>
    </testcase>
    <testcase time="0.0120000000000005" classname="graphs_other_bwg01" name="graphs_other_bwg01.qmd_plot_v8_development">
      <skipped message="Reason: Snapshot test is not implemented for object of class: gg, ggplot. ('test-graphs-other-bwg01.R:1:1')"/>
    </testcase>
    <testcase time="0.0110000000000001" classname="graphs_other_bwg01" name="graphs_other_bwg01.qmd_plot_v9_development">
      <skipped message="Reason: Snapshot test is not implemented for object of class: gg, ggplot. ('test-graphs-other-bwg01.R:1:1')"/>
    </testcase>
  </testsuite>
  <testsuite name="graphs-other-cig01" timestamp="2024-11-26T16:39:42Z" hostname="7b83bdb8de48" tests="5" skipped="4" failures="0" errors="0" time="0.222">
    <testcase time="0.181999999999999" classname="graphs_other_cig01" name="graphs_other_cig01.qmd_table_v6_development"/>
    <testcase time="0.00400000000000045" classname="graphs_other_cig01" name="graphs_other_cig01.qmd_plot_v1_and_v2_development">
      <skipped message="Reason: Snapshot test is not implemented for object of class: gg, ggplot. ('test-graphs-other-cig01.R:1:1')"/>
    </testcase>
    <testcase time="0.0119999999999996" classname="graphs_other_cig01" name="graphs_other_cig01.qmd_plot_v3_development">
      <skipped message="Reason: Snapshot test is not implemented for object of class: gg, ggplot. ('test-graphs-other-cig01.R:1:1')"/>
    </testcase>
    <testcase time="0.0120000000000005" classname="graphs_other_cig01" name="graphs_other_cig01.qmd_plot_v4_development">
      <skipped message="Reason: Snapshot test is not implemented for object of class: gg, ggplot. ('test-graphs-other-cig01.R:1:1')"/>
    </testcase>
    <testcase time="0.0119999999999996" classname="graphs_other_cig01" name="graphs_other_cig01.qmd_plot_v5_development">
      <skipped message="Reason: Snapshot test is not implemented for object of class: gg, ggplot. ('test-graphs-other-cig01.R:1:1')"/>
    </testcase>
  </testsuite>
  <testsuite name="graphs-other-ippg01" timestamp="2024-11-26T16:39:42Z" hostname="7b83bdb8de48" tests="2" skipped="2" failures="0" errors="0" time="0.046">
    <testcase time="0.0339999999999998" classname="graphs_other_ippg01" name="graphs_other_ippg01.qmd_plots_v1_development">
      <skipped message="Reason: Snapshot test is not implemented for object of class: list. ('test-graphs-other-ippg01.R:1:1')"/>
    </testcase>
    <testcase time="0.0120000000000005" classname="graphs_other_ippg01" name="graphs_other_ippg01.qmd_plots_v2_development">
      <skipped message="Reason: Snapshot test is not implemented for object of class: list. ('test-graphs-other-ippg01.R:1:1')"/>
    </testcase>
  </testsuite>
  <testsuite name="graphs-other-ltg01" timestamp="2024-11-26T16:39:42Z" hostname="7b83bdb8de48" tests="7" skipped="7" failures="0" errors="0" time="0.162">
    <testcase time="0.0919999999999996" classname="graphs_other_ltg01" name="graphs_other_ltg01.qmd_plot_v1_development">
      <skipped message="Reason: Snapshot test is not implemented for object of class: gg, ggplot. ('test-graphs-other-ltg01.R:1:1')"/>
    </testcase>
    <testcase time="0.0119999999999996" classname="graphs_other_ltg01" name="graphs_other_ltg01.qmd_plot_v2_development">
      <skipped message="Reason: Snapshot test is not implemented for object of class: gg, ggplot. ('test-graphs-other-ltg01.R:1:1')"/>
    </testcase>
    <testcase time="0.0110000000000001" classname="graphs_other_ltg01" name="graphs_other_ltg01.qmd_plot_v3_development">
      <skipped message="Reason: Snapshot test is not implemented for object of class: gg, ggplot. ('test-graphs-other-ltg01.R:1:1')"/>
    </testcase>
    <testcase time="0.0120000000000005" classname="graphs_other_ltg01" name="graphs_other_ltg01.qmd_plot_v4_development">
      <skipped message="Reason: Snapshot test is not implemented for object of class: gg, ggplot. ('test-graphs-other-ltg01.R:1:1')"/>
    </testcase>
    <testcase time="0.0110000000000001" classname="graphs_other_ltg01" name="graphs_other_ltg01.qmd_plot_v51_development">
      <skipped message="Reason: Snapshot test is not implemented for object of class: gg, ggplot. ('test-graphs-other-ltg01.R:1:1')"/>
    </testcase>
    <testcase time="0.0119999999999996" classname="graphs_other_ltg01" name="graphs_other_ltg01.qmd_plot_v52_development">
      <skipped message="Reason: Snapshot test is not implemented for object of class: gg, ggplot. ('test-graphs-other-ltg01.R:1:1')"/>
    </testcase>
    <testcase time="0.0120000000000005" classname="graphs_other_ltg01" name="graphs_other_ltg01.qmd_plot_v53_development">
      <skipped message="Reason: Snapshot test is not implemented for object of class: gg, ggplot. ('test-graphs-other-ltg01.R:1:1')"/>
    </testcase>
  </testsuite>
  <testsuite name="graphs-other-mng01" timestamp="2024-11-26T16:39:43Z" hostname="7b83bdb8de48" tests="7" skipped="7" failures="0" errors="0" time="0.212">
    <testcase time="0.143" classname="graphs_other_mng01" name="graphs_other_mng01.qmd_plot_v1_development">
      <skipped message="Reason: Snapshot test is not implemented for object of class: gg, ggplot. ('test-graphs-other-mng01.R:1:1')"/>
    </testcase>
    <testcase time="0.0119999999999996" classname="graphs_other_mng01" name="graphs_other_mng01.qmd_plot_v2_development">
      <skipped message="Reason: Snapshot test is not implemented for object of class: gg, ggplot. ('test-graphs-other-mng01.R:1:1')"/>
    </testcase>
    <testcase time="0.0120000000000005" classname="graphs_other_mng01" name="graphs_other_mng01.qmd_plot_v3_development">
      <skipped message="Reason: Snapshot test is not implemented for object of class: gg, ggplot. ('test-graphs-other-mng01.R:1:1')"/>
    </testcase>
    <testcase time="0.0110000000000001" classname="graphs_other_mng01" name="graphs_other_mng01.qmd_plot_v4_development">
      <skipped message="Reason: Snapshot test is not implemented for object of class: gg, ggplot. ('test-graphs-other-mng01.R:1:1')"/>
    </testcase>
    <testcase time="0.0109999999999992" classname="graphs_other_mng01" name="graphs_other_mng01.qmd_plot_v5_development">
      <skipped message="Reason: Snapshot test is not implemented for object of class: gg, ggplot. ('test-graphs-other-mng01.R:1:1')"/>
    </testcase>
    <testcase time="0.0120000000000005" classname="graphs_other_mng01" name="graphs_other_mng01.qmd_plot_v6_development">
      <skipped message="Reason: Snapshot test is not implemented for object of class: gg, ggplot. ('test-graphs-other-mng01.R:1:1')"/>
    </testcase>
    <testcase time="0.0110000000000001" classname="graphs_other_mng01" name="graphs_other_mng01.qmd_plot_v7_development">
      <skipped message="Reason: Snapshot test is not implemented for object of class: gg, ggplot. ('test-graphs-other-mng01.R:1:1')"/>
    </testcase>
  </testsuite>
  <testsuite name="graphs-pharmacokinetic-pkcg01" timestamp="2024-11-26T16:39:43Z" hostname="7b83bdb8de48" tests="2" skipped="2" failures="0" errors="0" time="0.045">
    <testcase time="0.0329999999999995" classname="graphs_pharmacokinetic_pkcg01" name="graphs_pharmacokinetic_pkcg01.qmd_plot_v1_development">
      <skipped message="Reason: Snapshot test is not implemented for object of class: gg, ggplot. ('test-graphs-pharmacokinetic-pkcg01.R:1:1')"/>
    </testcase>
    <testcase time="0.0120000000000005" classname="graphs_pharmacokinetic_pkcg01" name="graphs_pharmacokinetic_pkcg01.qmd_plot_v2_development">
      <skipped message="Reason: Snapshot test is not implemented for object of class: gg, ggplot. ('test-graphs-pharmacokinetic-pkcg01.R:1:1')"/>
    </testcase>
  </testsuite>
  <testsuite name="graphs-pharmacokinetic-pkcg02" timestamp="2024-11-26T16:39:43Z" hostname="7b83bdb8de48" tests="2" skipped="2" failures="0" errors="0" time="0.046">
    <testcase time="0.0350000000000001" classname="graphs_pharmacokinetic_pkcg02" name="graphs_pharmacokinetic_pkcg02.qmd_plot_v1_development">
      <skipped message="Reason: Snapshot test is not implemented for object of class: gg, ggplot. ('test-graphs-pharmacokinetic-pkcg02.R:1:1')"/>
    </testcase>
    <testcase time="0.0110000000000001" classname="graphs_pharmacokinetic_pkcg02" name="graphs_pharmacokinetic_pkcg02.qmd_plot_v2_development">
      <skipped message="Reason: Snapshot test is not implemented for object of class: gg, ggplot. ('test-graphs-pharmacokinetic-pkcg02.R:1:1')"/>
    </testcase>
  </testsuite>
  <testsuite name="graphs-pharmacokinetic-pkcg03" timestamp="2024-11-26T16:39:43Z" hostname="7b83bdb8de48" tests="2" skipped="2" failures="0" errors="0" time="0.068">
    <testcase time="0.056" classname="graphs_pharmacokinetic_pkcg03" name="graphs_pharmacokinetic_pkcg03.qmd_plot_v1_development">
      <skipped message="Reason: Snapshot test is not implemented for object of class: gg, ggplot. ('test-graphs-pharmacokinetic-pkcg03.R:1:1')"/>
    </testcase>
    <testcase time="0.0119999999999996" classname="graphs_pharmacokinetic_pkcg03" name="graphs_pharmacokinetic_pkcg03.qmd_plot_v2_development">
      <skipped message="Reason: Snapshot test is not implemented for object of class: gg, ggplot. ('test-graphs-pharmacokinetic-pkcg03.R:1:1')"/>
    </testcase>
  </testsuite>
  <testsuite name="graphs-pharmacokinetic-pkpg01" timestamp="2024-11-26T16:39:43Z" hostname="7b83bdb8de48" tests="2" skipped="2" failures="0" errors="0" time="0.064">
    <testcase time="0.0519999999999996" classname="graphs_pharmacokinetic_pkpg01" name="graphs_pharmacokinetic_pkpg01.qmd_plot_v1_development">
      <skipped message="Reason: Snapshot test is not implemented for object of class: gg, ggplot. ('test-graphs-pharmacokinetic-pkpg01.R:1:1')"/>
    </testcase>
    <testcase time="0.0120000000000005" classname="graphs_pharmacokinetic_pkpg01" name="graphs_pharmacokinetic_pkpg01.qmd_plot_v2_development">
      <skipped message="Reason: Snapshot test is not implemented for object of class: gg, ggplot. ('test-graphs-pharmacokinetic-pkpg01.R:1:1')"/>
    </testcase>
  </testsuite>
  <testsuite name="graphs-pharmacokinetic-pkpg02" timestamp="2024-11-26T16:39:43Z" hostname="7b83bdb8de48" tests="2" skipped="2" failures="0" errors="0" time="0.071">
    <testcase time="0.0590000000000002" classname="graphs_pharmacokinetic_pkpg02" name="graphs_pharmacokinetic_pkpg02.qmd_plot_v1_development">
      <skipped message="Reason: Snapshot test is not implemented for object of class: gg, ggplot. ('test-graphs-pharmacokinetic-pkpg02.R:1:1')"/>
    </testcase>
    <testcase time="0.0119999999999996" classname="graphs_pharmacokinetic_pkpg02" name="graphs_pharmacokinetic_pkpg02.qmd_plot_v2_development">
      <skipped message="Reason: Snapshot test is not implemented for object of class: gg, ggplot. ('test-graphs-pharmacokinetic-pkpg02.R:1:1')"/>
    </testcase>
  </testsuite>
  <testsuite name="graphs-pharmacokinetic-pkpg03" timestamp="2024-11-26T16:39:43Z" hostname="7b83bdb8de48" tests="1" skipped="1" failures="0" errors="0" time="0.053">
    <testcase time="0.0529999999999999" classname="graphs_pharmacokinetic_pkpg03" name="graphs_pharmacokinetic_pkpg03.qmd_plot_v1_development">
      <skipped message="Reason: Snapshot test is not implemented for object of class: gg, ggplot. ('test-graphs-pharmacokinetic-pkpg03.R:1:1')"/>
    </testcase>
  </testsuite>
  <testsuite name="graphs-pharmacokinetic-pkpg04" timestamp="2024-11-26T16:39:43Z" hostname="7b83bdb8de48" tests="1" skipped="1" failures="0" errors="0" time="0.05">
    <testcase time="0.0500000000000007" classname="graphs_pharmacokinetic_pkpg04" name="graphs_pharmacokinetic_pkpg04.qmd_plot_v1_development">
      <skipped message="Reason: Snapshot test is not implemented for object of class: gg, ggplot. ('test-graphs-pharmacokinetic-pkpg04.R:1:1')"/>
    </testcase>
  </testsuite>
  <testsuite name="graphs-pharmacokinetic-pkpg06" timestamp="2024-11-26T16:39:43Z" hostname="7b83bdb8de48" tests="4" skipped="4" failures="0" errors="0" time="0.069">
    <testcase time="0.0339999999999998" classname="graphs_pharmacokinetic_pkpg06" name="graphs_pharmacokinetic_pkpg06.qmd_plot_v1_development">
      <skipped message="Reason: Snapshot test is not implemented for object of class: gg, ggplot. ('test-graphs-pharmacokinetic-pkpg06.R:1:1')"/>
    </testcase>
    <testcase time="0.0119999999999996" classname="graphs_pharmacokinetic_pkpg06" name="graphs_pharmacokinetic_pkpg06.qmd_plot_v2_development">
      <skipped message="Reason: Snapshot test is not implemented for object of class: gg, ggplot. ('test-graphs-pharmacokinetic-pkpg06.R:1:1')"/>
    </testcase>
    <testcase time="0.0110000000000001" classname="graphs_pharmacokinetic_pkpg06" name="graphs_pharmacokinetic_pkpg06.qmd_plot_v3_development">
      <skipped message="Reason: Snapshot test is not implemented for object of class: gg, ggplot. ('test-graphs-pharmacokinetic-pkpg06.R:1:1')"/>
    </testcase>
    <testcase time="0.0120000000000005" classname="graphs_pharmacokinetic_pkpg06" name="graphs_pharmacokinetic_pkpg06.qmd_plot_v4_development">
      <skipped message="Reason: Snapshot test is not implemented for object of class: gg, ggplot. ('test-graphs-pharmacokinetic-pkpg06.R:1:1')"/>
    </testcase>
  </testsuite>
  <testsuite name="listings-ADA-adal02" timestamp="2024-11-26T16:39:43Z" hostname="7b83bdb8de48" tests="1" skipped="0" failures="0" errors="0" time="0.063">
    <testcase time="0.0629999999999997" classname="listings_ADA_adal02" name="listings_ADA_adal02.qmd_lsting_development"/>
  </testsuite>
  <testsuite name="listings-ECG-egl01" timestamp="2024-11-26T16:39:43Z" hostname="7b83bdb8de48" tests="1" skipped="0" failures="0" errors="0" time="0.054">
    <testcase time="0.0540000000000003" classname="listings_ECG_egl01" name="listings_ECG_egl01.qmd_lsting_development"/>
  </testsuite>
  <testsuite name="listings-adverse-events-ael01" timestamp="2024-11-26T16:39:43Z" hostname="7b83bdb8de48" tests="1" skipped="0" failures="0" errors="0" time="0.037">
    <testcase time="0.0369999999999999" classname="listings_adverse_events_ael01" name="listings_adverse_events_ael01.qmd_lsting_development"/>
  </testsuite>
  <testsuite name="listings-adverse-events-ael01_nollt" timestamp="2024-11-26T16:39:43Z" hostname="7b83bdb8de48" tests="1" skipped="0" failures="0" errors="0" time="0.035">
    <testcase time="0.0350000000000001" classname="listings_adverse_events_ael01_nollt" name="listings_adverse_events_ael01_nollt.qmd_lsting_development"/>
  </testsuite>
  <testsuite name="listings-adverse-events-ael02" timestamp="2024-11-26T16:39:43Z" hostname="7b83bdb8de48" tests="1" skipped="0" failures="0" errors="0" time="0.085">
    <testcase time="0.085" classname="listings_adverse_events_ael02" name="listings_adverse_events_ael02.qmd_lsting_development"/>
  </testsuite>
  <testsuite name="listings-adverse-events-ael02_ed" timestamp="2024-11-26T16:39:43Z" hostname="7b83bdb8de48" tests="1" skipped="0" failures="0" errors="0" time="0.062">
    <testcase time="0.0619999999999994" classname="listings_adverse_events_ael02_ed" name="listings_adverse_events_ael02_ed.qmd_lsting_development"/>
  </testsuite>
  <testsuite name="listings-adverse-events-ael03" timestamp="2024-11-26T16:39:43Z" hostname="7b83bdb8de48" tests="1" skipped="0" failures="1" errors="0" time="0.129">
    <testcase time="0.129" classname="listings_adverse_events_ael03" name="listings_adverse_events_ael03.qmd_lsting_development">
      <failure type="failure" message="Snapshot of code has changed (variant 'development'): ('test-listings-adverse-events-ael03.R:1:1')">Snapshot of code has changed (variant 'development'):
old[16:22] vs new[16:22]
    10 A: Drug X  BRA-1/id-93  34/F/ASIAN                     dcd D.1.1.1.1
       Date_First ASTDY Duration AESEV    Related Outcome Treated Action SERREAS
       &lt;chr&gt;      &lt;int&gt;    &lt;dbl&gt; &lt;fct&gt;    &lt;chr&gt;     &lt;dbl&gt; &lt;chr&gt;    &lt;dbl&gt; &lt;chr&gt;  
-    1 04NOV2020    321      149 MODERATE No            5 Yes          2 4      
+    1 04NOV2020    321      149 MODERATE No            5 Yes          2 4, 5   
     2 04NOV2020    393       43 MODERATE No            5 No           5 5      
     3 01JAN2020     64      630 SEVERE   Yes           1 No           6 1      
     4 01JAN2020    160      259 MODERATE No            2 Yes          2 4      

* Run `testthat::snapshot_accept('development/listings-adverse-events-ael03')` to accept the change.
* Run `testthat::snapshot_review('development/listings-adverse-events-ael03')` to interactively review the change.</failure>
    </testcase>
  </testsuite>
  <testsuite name="listings-adverse-events-ael04" timestamp="2024-11-26T16:39:44Z" hostname="7b83bdb8de48" tests="1" skipped="0" failures="0" errors="0" time="0.055">
    <testcase time="0.0549999999999997" classname="listings_adverse_events_ael04" name="listings_adverse_events_ael04.qmd_lsting_development"/>
  </testsuite>
  <testsuite name="listings-concomitant-medications-cml01" timestamp="2024-11-26T16:39:44Z" hostname="7b83bdb8de48" tests="1" skipped="0" failures="0" errors="0" time="0.061">
    <testcase time="0.0609999999999999" classname="listings_concomitant_medications_cml01" name="listings_concomitant_medications_cml01.qmd_lsting_development"/>
  </testsuite>
  <testsuite name="listings-concomitant-medications-cml02a_gl" timestamp="2024-11-26T16:39:44Z" hostname="7b83bdb8de48" tests="1" skipped="0" failures="0" errors="0" time="0.036">
    <testcase time="0.0360000000000005" classname="listings_concomitant_medications_cml02a_gl" name="listings_concomitant_medications_cml02a_gl.qmd_lsting_development"/>
  </testsuite>
  <testsuite name="listings-concomitant-medications-cml02b_gl" timestamp="2024-11-26T16:39:44Z" hostname="7b83bdb8de48" tests="1" skipped="0" failures="0" errors="0" time="0.039">
    <testcase time="0.0389999999999997" classname="listings_concomitant_medications_cml02b_gl" name="listings_concomitant_medications_cml02b_gl.qmd_lsting_development"/>
  </testsuite>
  <testsuite name="listings-development-safety-update-report-dsur4" timestamp="2024-11-26T16:39:44Z" hostname="7b83bdb8de48" tests="1" skipped="0" failures="0" errors="0" time="0.037">
    <testcase time="0.0369999999999999" classname="listings_development_safety_update_report_dsur4" name="listings_development_safety_update_report_dsur4.qmd_lsting_development"/>
  </testsuite>
  <testsuite name="listings-disposition-dsl01" timestamp="2024-11-26T16:39:44Z" hostname="7b83bdb8de48" tests="1" skipped="0" failures="0" errors="0" time="0.041">
    <testcase time="0.0410000000000004" classname="listings_disposition_dsl01" name="listings_disposition_dsl01.qmd_lsting_development"/>
  </testsuite>
  <testsuite name="listings-disposition-dsl02" timestamp="2024-11-26T16:39:44Z" hostname="7b83bdb8de48" tests="1" skipped="0" failures="0" errors="0" time="0.059">
    <testcase time="0.0589999999999993" classname="listings_disposition_dsl02" name="listings_disposition_dsl02.qmd_lsting_development"/>
  </testsuite>
  <testsuite name="listings-efficacy-oncl01" timestamp="2024-11-26T16:39:44Z" hostname="7b83bdb8de48" tests="1" skipped="0" failures="0" errors="0" time="0.052">
    <testcase time="0.0519999999999996" classname="listings_efficacy_oncl01" name="listings_efficacy_oncl01.qmd_lsting_development"/>
  </testsuite>
  <testsuite name="listings-exposure-exl01" timestamp="2024-11-26T16:39:44Z" hostname="7b83bdb8de48" tests="1" skipped="0" failures="0" errors="0" time="0.052">
    <testcase time="0.0520000000000014" classname="listings_exposure_exl01" name="listings_exposure_exl01.qmd_lsting_development"/>
  </testsuite>
  <testsuite name="listings-lab-results-lbl01" timestamp="2024-11-26T16:39:44Z" hostname="7b83bdb8de48" tests="1" skipped="0" failures="0" errors="0" time="0.05">
    <testcase time="0.0499999999999989" classname="listings_lab_results_lbl01" name="listings_lab_results_lbl01.qmd_lsting_development"/>
  </testsuite>
  <testsuite name="listings-lab-results-lbl01_rls" timestamp="2024-11-26T16:39:44Z" hostname="7b83bdb8de48" tests="1" skipped="0" failures="0" errors="0" time="0.048">
    <testcase time="0.048" classname="listings_lab_results_lbl01_rls" name="listings_lab_results_lbl01_rls.qmd_lsting_development"/>
  </testsuite>
  <testsuite name="listings-lab-results-lbl02a" timestamp="2024-11-26T16:39:44Z" hostname="7b83bdb8de48" tests="1" skipped="0" failures="0" errors="0" time="0.051">
    <testcase time="0.0510000000000002" classname="listings_lab_results_lbl02a" name="listings_lab_results_lbl02a.qmd_lsting_development"/>
  </testsuite>
  <testsuite name="listings-lab-results-lbl02a_rls" timestamp="2024-11-26T16:39:44Z" hostname="7b83bdb8de48" tests="1" skipped="0" failures="0" errors="0" time="0.063">
    <testcase time="0.0630000000000006" classname="listings_lab_results_lbl02a_rls" name="listings_lab_results_lbl02a_rls.qmd_lsting_development"/>
  </testsuite>
  <testsuite name="listings-lab-results-lbl02b" timestamp="2024-11-26T16:39:44Z" hostname="7b83bdb8de48" tests="1" skipped="0" failures="0" errors="0" time="0.05">
    <testcase time="0.0499999999999989" classname="listings_lab_results_lbl02b" name="listings_lab_results_lbl02b.qmd_lsting_development"/>
  </testsuite>
  <testsuite name="listings-medical-history-mhl01" timestamp="2024-11-26T16:39:44Z" hostname="7b83bdb8de48" tests="1" skipped="0" failures="0" errors="0" time="0.053">
    <testcase time="0.0530000000000008" classname="listings_medical_history_mhl01" name="listings_medical_history_mhl01.qmd_lsting_development"/>
  </testsuite>
  <testsuite name="listings-pharmacokinetic-pkcl01" timestamp="2024-11-26T16:39:44Z" hostname="7b83bdb8de48" tests="1" skipped="0" failures="0" errors="0" time="0.046">
    <testcase time="0.0459999999999994" classname="listings_pharmacokinetic_pkcl01" name="listings_pharmacokinetic_pkcl01.qmd_lsting_development"/>
  </testsuite>
  <testsuite name="listings-pharmacokinetic-pkcl02" timestamp="2024-11-26T16:39:44Z" hostname="7b83bdb8de48" tests="1" skipped="0" failures="0" errors="0" time="0.064">
    <testcase time="0.0640000000000001" classname="listings_pharmacokinetic_pkcl02" name="listings_pharmacokinetic_pkcl02.qmd_lsting_development"/>
  </testsuite>
  <testsuite name="listings-pharmacokinetic-pkpl01" timestamp="2024-11-26T16:39:44Z" hostname="7b83bdb8de48" tests="1" skipped="0" failures="0" errors="0" time="0.052">
    <testcase time="0.0520000000000014" classname="listings_pharmacokinetic_pkpl01" name="listings_pharmacokinetic_pkpl01.qmd_lsting_development"/>
  </testsuite>
  <testsuite name="listings-pharmacokinetic-pkpl02" timestamp="2024-11-26T16:39:45Z" hostname="7b83bdb8de48" tests="1" skipped="0" failures="0" errors="0" time="0.052">
    <testcase time="0.0519999999999996" classname="listings_pharmacokinetic_pkpl02" name="listings_pharmacokinetic_pkpl02.qmd_lsting_development"/>
  </testsuite>
  <testsuite name="listings-pharmacokinetic-pkpl04" timestamp="2024-11-26T16:39:45Z" hostname="7b83bdb8de48" tests="1" skipped="0" failures="0" errors="0" time="0.05">
    <testcase time="0.0499999999999989" classname="listings_pharmacokinetic_pkpl04" name="listings_pharmacokinetic_pkpl04.qmd_lsting_development"/>
  </testsuite>
  <testsuite name="listings-vital-signs-vsl01" timestamp="2024-11-26T16:39:45Z" hostname="7b83bdb8de48" tests="1" skipped="0" failures="0" errors="0" time="0.069">
    <testcase time="0.0690000000000008" classname="listings_vital_signs_vsl01" name="listings_vital_signs_vsl01.qmd_lsting_development"/>
  </testsuite>
  <testsuite name="tables-ADA-adat01" timestamp="2024-11-26T16:39:45Z" hostname="7b83bdb8de48" tests="1" skipped="0" failures="0" errors="0" time="0.21">
    <testcase time="0.209999999999999" classname="tables_ADA_adat01" name="tables_ADA_adat01.qmd_result_v1_development"/>
  </testsuite>
  <testsuite name="tables-ADA-adat02" timestamp="2024-11-26T16:39:45Z" hostname="7b83bdb8de48" tests="1" skipped="0" failures="0" errors="0" time="0.081">
    <testcase time="0.0810000000000013" classname="tables_ADA_adat02" name="tables_ADA_adat02.qmd_result_v1_development"/>
  </testsuite>
  <testsuite name="tables-ADA-adat03" timestamp="2024-11-26T16:39:45Z" hostname="7b83bdb8de48" tests="1" skipped="0" failures="0" errors="0" time="0.351">
    <testcase time="0.350999999999999" classname="tables_ADA_adat03" name="tables_ADA_adat03.qmd_result_v1_development"/>
  </testsuite>
  <testsuite name="tables-ADA-adat04a" timestamp="2024-11-26T16:39:45Z" hostname="7b83bdb8de48" tests="1" skipped="0" failures="0" errors="0" time="0.202">
    <testcase time="0.202" classname="tables_ADA_adat04a" name="tables_ADA_adat04a.qmd_result_v1_development"/>
  </testsuite>
  <testsuite name="tables-ADA-adat04b" timestamp="2024-11-26T16:39:46Z" hostname="7b83bdb8de48" tests="1" skipped="0" failures="0" errors="0" time="0.133">
    <testcase time="0.133000000000001" classname="tables_ADA_adat04b" name="tables_ADA_adat04b.qmd_result_v1_development"/>
  </testsuite>
  <testsuite name="tables-ECG-egt01" timestamp="2024-11-26T16:39:46Z" hostname="7b83bdb8de48" tests="1" skipped="0" failures="0" errors="0" time="0.573">
    <testcase time="0.572999999999999" classname="tables_ECG_egt01" name="tables_ECG_egt01.qmd_result_v1_development"/>
  </testsuite>
  <testsuite name="tables-ECG-egt02" timestamp="2024-11-26T16:39:46Z" hostname="7b83bdb8de48" tests="2" skipped="0" failures="0" errors="0" time="0.175">
    <testcase time="0.0920000000000005" classname="tables_ECG_egt02" name="tables_ECG_egt02.qmd_result_v1_development"/>
    <testcase time="0.0829999999999984" classname="tables_ECG_egt02" name="tables_ECG_egt02.qmd_result_v2_development"/>
  </testsuite>
  <testsuite name="tables-ECG-egt03" timestamp="2024-11-26T16:39:48Z" hostname="7b83bdb8de48" tests="2" skipped="0" failures="0" errors="0" time="1.578">
    <testcase time="1.462" classname="tables_ECG_egt03" name="tables_ECG_egt03.qmd_result_v1_development"/>
    <testcase time="0.116" classname="tables_ECG_egt03" name="tables_ECG_egt03.qmd_result_v2_development"/>
  </testsuite>
  <testsuite name="tables-ECG-egt04" timestamp="2024-11-26T16:39:48Z" hostname="7b83bdb8de48" tests="1" skipped="0" failures="0" errors="0" time="0.181">
    <testcase time="0.180999999999999" classname="tables_ECG_egt04" name="tables_ECG_egt04.qmd_result_v1_development"/>
  </testsuite>
  <testsuite name="tables-ECG-egt05_qtcat" timestamp="2024-11-26T16:39:48Z" hostname="7b83bdb8de48" tests="1" skipped="0" failures="1" errors="0" time="0.31">
    <testcase time="0.31" classname="tables_ECG_egt05_qtcat" name="tables_ECG_egt05_qtcat.qmd_result_v1_development">
      <failure type="failure" message="Snapshot of code has changed (variant 'development'): ('test-tables-ECG-egt05_qtcat.R:1:1')">Snapshot of code has changed (variant 'development'):
old[1:7] vs new[1:7]
  Code
    print(data_snap[[i]])
  Output
-   Parameter                                                             
+                                                                         
      Analysis Visit             A: Drug X    B: Placebo    C: Combination
        Category                  (N=134)       (N=134)        (N=132)    
    ——————————————————————————————————————————————————————————————————————

* Run `testthat::snapshot_accept('development/tables-ECG-egt05_qtcat')` to accept the change.
* Run `testthat::snapshot_review('development/tables-ECG-egt05_qtcat')` to interactively review the change.</failure>
    </testcase>
  </testsuite>
  <testsuite name="tables-adverse-events-aet01" timestamp="2024-11-26T16:39:49Z" hostname="7b83bdb8de48" tests="4" skipped="0" failures="0" errors="0" time="0.493">
    <testcase time="0.145" classname="tables_adverse_events_aet01" name="tables_adverse_events_aet01.qmd_result_v1_development"/>
    <testcase time="0.121" classname="tables_adverse_events_aet01" name="tables_adverse_events_aet01.qmd_result_v2_development"/>
    <testcase time="0.103999999999999" classname="tables_adverse_events_aet01" name="tables_adverse_events_aet01.qmd_result_v3_development"/>
    <testcase time="0.123000000000001" classname="tables_adverse_events_aet01" name="tables_adverse_events_aet01.qmd_result_v4_development"/>
  </testsuite>
  <testsuite name="tables-adverse-events-aet01_aesi" timestamp="2024-11-26T16:39:49Z" hostname="7b83bdb8de48" tests="4" skipped="0" failures="0" errors="0" time="0.666">
    <testcase time="0.145" classname="tables_adverse_events_aet01_aesi" name="tables_adverse_events_aet01_aesi.qmd_result_v1_development"/>
    <testcase time="0.149000000000001" classname="tables_adverse_events_aet01_aesi" name="tables_adverse_events_aet01_aesi.qmd_result_v2_development"/>
    <testcase time="0.213999999999999" classname="tables_adverse_events_aet01_aesi" name="tables_adverse_events_aet01_aesi.qmd_result_v3_development"/>
    <testcase time="0.158000000000001" classname="tables_adverse_events_aet01_aesi" name="tables_adverse_events_aet01_aesi.qmd_result_v4_development"/>
  </testsuite>
  <testsuite name="tables-adverse-events-aet02" timestamp="2024-11-26T16:39:50Z" hostname="7b83bdb8de48" tests="13" skipped="0" failures="2" errors="0" time="2.029">
    <testcase time="0.325999999999999" classname="tables_adverse_events_aet02" name="tables_adverse_events_aet02.qmd_result_v1_development"/>
    <testcase time="0.178000000000001" classname="tables_adverse_events_aet02" name="tables_adverse_events_aet02.qmd_result_v2_development"/>
    <testcase time="0.185" classname="tables_adverse_events_aet02" name="tables_adverse_events_aet02.qmd_result_v3_development"/>
    <testcase time="0.267999999999999" classname="tables_adverse_events_aet02" name="tables_adverse_events_aet02.qmd_result_v4_development">
      <failure type="failure" message="Snapshot of code has changed (variant 'development'): ('test-tables-adverse-events-aet02.R:1:1')">Snapshot of code has changed (variant 'development'):
old[1:7] vs new[1:7]
  Code
    print(data_snap[[i]])
  Output
-   MedDRA System Organ Class                                                                               
+                                                                                                           
      High Level Term                                               A: Drug X    B: Placebo   C: Combination
        MedDRA Preferred Term                                        (N=134)      (N=134)        (N=132)    
    ————————————————————————————————————————————————————————————————————————————————————————————————————————

* Run `testthat::snapshot_accept('development/tables-adverse-events-aet02')` to accept the change.
* Run `testthat::snapshot_review('development/tables-adverse-events-aet02')` to interactively review the change.</failure>
    </testcase>
    <testcase time="0.0990000000000002" classname="tables_adverse_events_aet02" name="tables_adverse_events_aet02.qmd_result_v5_development"/>
    <testcase time="0.16" classname="tables_adverse_events_aet02" name="tables_adverse_events_aet02.qmd_result_v6_development"/>
    <testcase time="0.113" classname="tables_adverse_events_aet02" name="tables_adverse_events_aet02.qmd_result_v7_development"/>
    <testcase time="0.166" classname="tables_adverse_events_aet02" name="tables_adverse_events_aet02.qmd_result_v8_development">
      <failure type="failure" message="Snapshot of code has changed (variant 'development'): ('test-tables-adverse-events-aet02.R:1:1')">Snapshot of code has changed (variant 'development'):
old[1:7] vs new[1:7]
  Code
    print(data_snap[[i]])
  Output
-   MedDRA System Organ Class                                           
+                                                                       
      High Level Term           A: Drug X    B: Placebo   C: Combination
        MedDRA Preferred Term    (N=134)      (N=134)        (N=132)    
    ————————————————————————————————————————————————————————————————————

* Run `testthat::snapshot_accept('development/tables-adverse-events-aet02')` to accept the change.
* Run `testthat::snapshot_review('development/tables-adverse-events-aet02')` to interactively review the change.</failure>
    </testcase>
    <testcase time="0.135999999999999" classname="tables_adverse_events_aet02" name="tables_adverse_events_aet02.qmd_result_v9_development"/>
    <testcase time="0.114000000000001" classname="tables_adverse_events_aet02" name="tables_adverse_events_aet02.qmd_result_v10_development"/>
    <testcase time="0.0869999999999997" classname="tables_adverse_events_aet02" name="tables_adverse_events_aet02.qmd_result_v11_development"/>
    <testcase time="0.106999999999999" classname="tables_adverse_events_aet02" name="tables_adverse_events_aet02.qmd_result_v12_development"/>
    <testcase time="0.0899999999999999" classname="tables_adverse_events_aet02" name="tables_adverse_events_aet02.qmd_result_v13_development"/>
  </testsuite>
  <testsuite name="tables-adverse-events-aet02_smq" timestamp="2024-11-26T16:39:52Z" hostname="7b83bdb8de48" tests="2" skipped="0" failures="0" errors="0" time="0.192">
    <testcase time="0.0940000000000012" classname="tables_adverse_events_aet02_smq" name="tables_adverse_events_aet02_smq.qmd_result_v1_development"/>
    <testcase time="0.097999999999999" classname="tables_adverse_events_aet02_smq" name="tables_adverse_events_aet02_smq.qmd_result_v2_development"/>
  </testsuite>
  <testsuite name="tables-adverse-events-aet03" timestamp="2024-11-26T16:39:52Z" hostname="7b83bdb8de48" tests="1" skipped="0" failures="1" errors="0" time="0.359">
    <testcase time="0.359" classname="tables_adverse_events_aet03" name="tables_adverse_events_aet03.qmd_result_v1_development">
      <failure type="failure" message="Snapshot of code has changed (variant 'development'): ('test-tables-adverse-events-aet03.R:1:1')">Snapshot of code has changed (variant 'development'):
old[1:7] vs new[1:7]
  Code
    print(data_snap[[i]])
  Output
-   MedDRA System Organ Class                                            
+                                                                        
      MedDRA Preferred Term      A: Drug X    B: Placebo   C: Combination
        Severity/Intensity        (N=134)      (N=134)        (N=132)    
    —————————————————————————————————————————————————————————————————————

* Run `testthat::snapshot_accept('development/tables-adverse-events-aet03')` to accept the change.
* Run `testthat::snapshot_review('development/tables-adverse-events-aet03')` to interactively review the change.</failure>
    </testcase>
  </testsuite>
  <testsuite name="tables-adverse-events-aet04" timestamp="2024-11-26T16:39:52Z" hostname="7b83bdb8de48" tests="8" skipped="0" failures="8" errors="0" time="3.891">
    <testcase time="0.655999999999999" classname="tables_adverse_events_aet04" name="tables_adverse_events_aet04.qmd_result_v1_development">
      <failure type="failure" message="Snapshot of code has changed (variant 'development'): ('test-tables-adverse-events-aet04.R:1:1')">Snapshot of code has changed (variant 'development'):
old[1:7] vs new[1:7]
  Code
    print(data_snap[[i]])
  Output
-   MedDRA System Organ Class                                                            
+                                                                                        
      MedDRA Preferred Term                      A: Drug X    B: Placebo   C: Combination
                                Grade             (N=134)      (N=134)        (N=132)    
    —————————————————————————————————————————————————————————————————————————————————————

* Run `testthat::snapshot_accept('development/tables-adverse-events-aet04')` to accept the change.
* Run `testthat::snapshot_review('development/tables-adverse-events-aet04')` to interactively review the change.</failure>
    </testcase>
    <testcase time="0.691000000000003" classname="tables_adverse_events_aet04" name="tables_adverse_events_aet04.qmd_result_v2_development">
      <failure type="failure" message="Snapshot of code has changed (variant 'development'): ('test-tables-adverse-events-aet04.R:1:1')">Snapshot of code has changed (variant 'development'):
old[1:7] vs new[1:7]
  Code
    print(data_snap[[i]])
  Output
-   MedDRA System Organ Class                                                            
+                                                                                        
      MedDRA Preferred Term                      A: Drug X    B: Placebo   C: Combination
                                Grade             (N=134)      (N=134)        (N=132)    
    —————————————————————————————————————————————————————————————————————————————————————

* Run `testthat::snapshot_accept('development/tables-adverse-events-aet04')` to accept the change.
* Run `testthat::snapshot_review('development/tables-adverse-events-aet04')` to interactively review the change.</failure>
    </testcase>
    <testcase time="0.666" classname="tables_adverse_events_aet04" name="tables_adverse_events_aet04.qmd_result_v3_development">
      <failure type="failure" message="Snapshot of code has changed (variant 'development'): ('test-tables-adverse-events-aet04.R:1:1')">Snapshot of code has changed (variant 'development'):
old[1:7] vs new[1:7]
  Code
    print(data_snap[[i]])
  Output
-   MedDRA System Organ Class                                                            
+                                                                                        
      MedDRA Preferred Term                      A: Drug X    B: Placebo   C: Combination
                                Grade             (N=134)      (N=134)        (N=132)    
    —————————————————————————————————————————————————————————————————————————————————————

* Run `testthat::snapshot_accept('development/tables-adverse-events-aet04')` to accept the change.
* Run `testthat::snapshot_review('development/tables-adverse-events-aet04')` to interactively review the change.</failure>
    </testcase>
    <testcase time="0.387" classname="tables_adverse_events_aet04" name="tables_adverse_events_aet04.qmd_result_v4_development">
      <failure type="failure" message="Snapshot of code has changed (variant 'development'): ('test-tables-adverse-events-aet04.R:1:1')">Snapshot of code has changed (variant 'development'):
old[1:7] vs new[1:7]
  Code
    print(data_snap[[i]])
  Output
-   MedDRA System Organ Class                                                            
+                                                                                        
      MedDRA Preferred Term                      A: Drug X    B: Placebo   C: Combination
                                Grade             (N=134)      (N=134)        (N=132)    
    —————————————————————————————————————————————————————————————————————————————————————

* Run `testthat::snapshot_accept('development/tables-adverse-events-aet04')` to accept the change.
* Run `testthat::snapshot_review('development/tables-adverse-events-aet04')` to interactively review the change.</failure>
    </testcase>
    <testcase time="0.370999999999999" classname="tables_adverse_events_aet04" name="tables_adverse_events_aet04.qmd_result_v6_development">
      <failure type="failure" message="Snapshot of code has changed (variant 'development'): ('test-tables-adverse-events-aet04.R:1:1')">Snapshot of code has changed (variant 'development'):
old[1:7] vs new[1:7]
  Code
    print(data_snap[[i]])
  Output
-   MedDRA System Organ Class                                                            
+                                                                                        
      MedDRA Preferred Term                      A: Drug X    B: Placebo   C: Combination
                                Grade             (N=134)      (N=134)        (N=132)    
    —————————————————————————————————————————————————————————————————————————————————————

* Run `testthat::snapshot_accept('development/tables-adverse-events-aet04')` to accept the change.
* Run `testthat::snapshot_review('development/tables-adverse-events-aet04')` to interactively review the change.</failure>
    </testcase>
    <testcase time="0.379000000000001" classname="tables_adverse_events_aet04" name="tables_adverse_events_aet04.qmd_result_v8_development">
      <failure type="failure" message="Snapshot of code has changed (variant 'development'): ('test-tables-adverse-events-aet04.R:1:1')">Snapshot of code has changed (variant 'development'):
old[1:7] vs new[1:7]
  Code
    print(data_snap[[i]])
  Output
-   MedDRA System Organ Class                                                            
+                                                                                        
      MedDRA Preferred Term                      A: Drug X    B: Placebo   C: Combination
                                Grade             (N=134)      (N=134)        (N=132)    
    —————————————————————————————————————————————————————————————————————————————————————

* Run `testthat::snapshot_accept('development/tables-adverse-events-aet04')` to accept the change.
* Run `testthat::snapshot_review('development/tables-adverse-events-aet04')` to interactively review the change.</failure>
    </testcase>
    <testcase time="0.370999999999999" classname="tables_adverse_events_aet04" name="tables_adverse_events_aet04.qmd_result_v9_development">
      <failure type="failure" message="Snapshot of code has changed (variant 'development'): ('test-tables-adverse-events-aet04.R:1:1')">Snapshot of code has changed (variant 'development'):
old[1:7] vs new[1:7]
  Code
    print(data_snap[[i]])
  Output
-   MedDRA System Organ Class                                                            
+                                                                                        
      MedDRA Preferred Term                      A: Drug X    B: Placebo   C: Combination
                                Grade             (N=134)      (N=134)        (N=132)    
    —————————————————————————————————————————————————————————————————————————————————————

* Run `testthat::snapshot_accept('development/tables-adverse-events-aet04')` to accept the change.
* Run `testthat::snapshot_review('development/tables-adverse-events-aet04')` to interactively review the change.</failure>
    </testcase>
    <testcase time="0.370000000000001" classname="tables_adverse_events_aet04" name="tables_adverse_events_aet04.qmd_result_v11_development">
      <failure type="failure" message="Snapshot of code has changed (variant 'development'): ('test-tables-adverse-events-aet04.R:1:1')">Snapshot of code has changed (variant 'development'):
old[1:7] vs new[1:7]
  Code
    print(data_snap[[i]])
  Output
-   MedDRA System Organ Class                                                            
+                                                                                        
      MedDRA Preferred Term                      A: Drug X    B: Placebo   C: Combination
                                Grade             (N=134)      (N=134)        (N=132)    
    —————————————————————————————————————————————————————————————————————————————————————

* Run `testthat::snapshot_accept('development/tables-adverse-events-aet04')` to accept the change.
* Run `testthat::snapshot_review('development/tables-adverse-events-aet04')` to interactively review the change.</failure>
    </testcase>
  </testsuite>
  <testsuite name="tables-adverse-events-aet04_pi" timestamp="2024-11-26T16:39:57Z" hostname="7b83bdb8de48" tests="8" skipped="0" failures="0" errors="0" time="1.707">
    <testcase time="0.681999999999999" classname="tables_adverse_events_aet04_pi" name="tables_adverse_events_aet04_pi.qmd_result_v1_development"/>
    <testcase time="0.152999999999999" classname="tables_adverse_events_aet04_pi" name="tables_adverse_events_aet04_pi.qmd_result_v2_development"/>
    <testcase time="0.134" classname="tables_adverse_events_aet04_pi" name="tables_adverse_events_aet04_pi.qmd_result_v3_development"/>
    <testcase time="0.105" classname="tables_adverse_events_aet04_pi" name="tables_adverse_events_aet04_pi.qmd_result_v4_development"/>
    <testcase time="0.161000000000001" classname="tables_adverse_events_aet04_pi" name="tables_adverse_events_aet04_pi.qmd_result_v5_development"/>
    <testcase time="0.157999999999998" classname="tables_adverse_events_aet04_pi" name="tables_adverse_events_aet04_pi.qmd_result_v6_development"/>
    <testcase time="0.158000000000001" classname="tables_adverse_events_aet04_pi" name="tables_adverse_events_aet04_pi.qmd_result_v7_development"/>
    <testcase time="0.155999999999999" classname="tables_adverse_events_aet04_pi" name="tables_adverse_events_aet04_pi.qmd_result_v8_development"/>
  </testsuite>
  <testsuite name="tables-adverse-events-aet05" timestamp="2024-11-26T16:39:58Z" hostname="7b83bdb8de48" tests="2" skipped="0" failures="0" errors="0" time="0.14">
    <testcase time="0.0730000000000004" classname="tables_adverse_events_aet05" name="tables_adverse_events_aet05.qmd_result_v1_development"/>
    <testcase time="0.0670000000000002" classname="tables_adverse_events_aet05" name="tables_adverse_events_aet05.qmd_result_v2_development"/>
  </testsuite>
  <testsuite name="tables-adverse-events-aet05_all" timestamp="2024-11-26T16:39:58Z" hostname="7b83bdb8de48" tests="2" skipped="0" failures="0" errors="0" time="0.146">
    <testcase time="0.0790000000000006" classname="tables_adverse_events_aet05_all" name="tables_adverse_events_aet05_all.qmd_result_v1_development"/>
    <testcase time="0.0670000000000002" classname="tables_adverse_events_aet05_all" name="tables_adverse_events_aet05_all.qmd_result_v2_development"/>
  </testsuite>
  <testsuite name="tables-adverse-events-aet06" timestamp="2024-11-26T16:39:58Z" hostname="7b83bdb8de48" tests="5" skipped="0" failures="0" errors="0" time="1.888">
    <testcase time="0.608000000000001" classname="tables_adverse_events_aet06" name="tables_adverse_events_aet06.qmd_result_v1_development"/>
    <testcase time="0.303000000000001" classname="tables_adverse_events_aet06" name="tables_adverse_events_aet06.qmd_result_v2_development"/>
    <testcase time="0.359999999999999" classname="tables_adverse_events_aet06" name="tables_adverse_events_aet06.qmd_result_v3_development"/>
    <testcase time="0.25" classname="tables_adverse_events_aet06" name="tables_adverse_events_aet06.qmd_result_v4_development"/>
    <testcase time="0.367000000000001" classname="tables_adverse_events_aet06" name="tables_adverse_events_aet06.qmd_result_v5_development"/>
  </testsuite>
  <testsuite name="tables-adverse-events-aet06_smq" timestamp="2024-11-26T16:40:00Z" hostname="7b83bdb8de48" tests="3" skipped="0" failures="0" errors="0" time="0.441">
    <testcase time="0.165999999999997" classname="tables_adverse_events_aet06_smq" name="tables_adverse_events_aet06_smq.qmd_result_v1_development"/>
    <testcase time="0.148000000000003" classname="tables_adverse_events_aet06_smq" name="tables_adverse_events_aet06_smq.qmd_result_v2_development"/>
    <testcase time="0.126999999999999" classname="tables_adverse_events_aet06_smq" name="tables_adverse_events_aet06_smq.qmd_result_v3_development"/>
  </testsuite>
  <testsuite name="tables-adverse-events-aet07" timestamp="2024-11-26T16:40:00Z" hostname="7b83bdb8de48" tests="2" skipped="0" failures="0" errors="0" time="0.139">
    <testcase time="0.0719999999999992" classname="tables_adverse_events_aet07" name="tables_adverse_events_aet07.qmd_result_v1_development"/>
    <testcase time="0.0670000000000002" classname="tables_adverse_events_aet07" name="tables_adverse_events_aet07.qmd_result_v2_development"/>
  </testsuite>
  <testsuite name="tables-adverse-events-aet09" timestamp="2024-11-26T16:40:01Z" hostname="7b83bdb8de48" tests="2" skipped="0" failures="1" errors="0" time="0.412">
    <testcase time="0.199999999999999" classname="tables_adverse_events_aet09" name="tables_adverse_events_aet09.qmd_result_v1_development"/>
    <testcase time="0.212" classname="tables_adverse_events_aet09" name="tables_adverse_events_aet09.qmd_result_v2_development">
      <failure type="failure" message="Snapshot of code has changed (variant 'development'): ('test-tables-adverse-events-aet09.R:1:1')">Snapshot of code has changed (variant 'development'):
old[1:7] vs new[1:7]
  Code
    print(data_snap[[i]])
  Output
-   Body System or Organ Class                                                                                                       
+                                                                                                                                    
      High Level Term                                                                       A: Drug X    B: Placebo    C: Combination
        Dictionary-Derived Term                                                              (N=134)       (N=134)        (N=132)    
    —————————————————————————————————————————————————————————————————————————————————————————————————————————————————————————————————

* Run `testthat::snapshot_accept('development/tables-adverse-events-aet09')` to accept the change.
* Run `testthat::snapshot_review('development/tables-adverse-events-aet09')` to interactively review the change.</failure>
    </testcase>
  </testsuite>
  <testsuite name="tables-adverse-events-aet09_smq" timestamp="2024-11-26T16:40:01Z" hostname="7b83bdb8de48" tests="2" skipped="0" failures="0" errors="0" time="0.201">
    <testcase time="0.103000000000002" classname="tables_adverse_events_aet09_smq" name="tables_adverse_events_aet09_smq.qmd_result_v1_development"/>
    <testcase time="0.097999999999999" classname="tables_adverse_events_aet09_smq" name="tables_adverse_events_aet09_smq.qmd_result_v2_development"/>
  </testsuite>
  <testsuite name="tables-adverse-events-aet10" timestamp="2024-11-26T16:40:01Z" hostname="7b83bdb8de48" tests="2" skipped="0" failures="0" errors="0" time="0.307">
    <testcase time="0.201000000000001" classname="tables_adverse_events_aet10" name="tables_adverse_events_aet10.qmd_result_v1_development"/>
    <testcase time="0.106000000000002" classname="tables_adverse_events_aet10" name="tables_adverse_events_aet10.qmd_result_v2_development"/>
  </testsuite>
  <testsuite name="tables-concomitant-medications-cmt01" timestamp="2024-11-26T16:40:02Z" hostname="7b83bdb8de48" tests="4" skipped="0" failures="0" errors="0" time="0.511">
    <testcase time="0.152999999999999" classname="tables_concomitant_medications_cmt01" name="tables_concomitant_medications_cmt01.qmd_result_v1_development"/>
    <testcase time="0.105" classname="tables_concomitant_medications_cmt01" name="tables_concomitant_medications_cmt01.qmd_result_v2_development"/>
    <testcase time="0.106999999999999" classname="tables_concomitant_medications_cmt01" name="tables_concomitant_medications_cmt01.qmd_result_v3_development"/>
    <testcase time="0.146000000000001" classname="tables_concomitant_medications_cmt01" name="tables_concomitant_medications_cmt01.qmd_result_v4_development"/>
  </testsuite>
  <testsuite name="tables-concomitant-medications-cmt01a" timestamp="2024-11-26T16:40:02Z" hostname="7b83bdb8de48" tests="4" skipped="0" failures="0" errors="0" time="0.842">
    <testcase time="0.260999999999999" classname="tables_concomitant_medications_cmt01a" name="tables_concomitant_medications_cmt01a.qmd_result_v1_development"/>
    <testcase time="0.202999999999999" classname="tables_concomitant_medications_cmt01a" name="tables_concomitant_medications_cmt01a.qmd_result_v2_development"/>
    <testcase time="0.202000000000002" classname="tables_concomitant_medications_cmt01a" name="tables_concomitant_medications_cmt01a.qmd_result_v3_development"/>
    <testcase time="0.175999999999998" classname="tables_concomitant_medications_cmt01a" name="tables_concomitant_medications_cmt01a.qmd_result_v4_development"/>
  </testsuite>
  <testsuite name="tables-concomitant-medications-cmt01b" timestamp="2024-11-26T16:40:03Z" hostname="7b83bdb8de48" tests="3" skipped="0" failures="3" errors="0" time="1.015">
    <testcase time="0.400000000000002" classname="tables_concomitant_medications_cmt01b" name="tables_concomitant_medications_cmt01b.qmd_result_v1_development">
      <failure type="failure" message="Snapshot of code has changed (variant 'development'): ('test-tables-concomitant-medications-cmt01b.R:1:1')">Snapshot of code has changed (variant 'development'):
old[1:7] vs new[1:7]
  Code
    print(data_snap[[i]])
  Output
-   ATC Level 1 Text                                                                                         
+                                                                                                            
      ATC Level 2 Text                                                                                       
        ATC Level 3 Text                                                                                     
          ATC Level 4 Text                                          A: Drug X    B: Placebo    C: Combination

* Run `testthat::snapshot_accept('development/tables-concomitant-medications-cmt01b')` to accept the change.
* Run `testthat::snapshot_review('development/tables-concomitant-medications-cmt01b')` to interactively review the change.</failure>
    </testcase>
    <testcase time="0.260999999999999" classname="tables_concomitant_medications_cmt01b" name="tables_concomitant_medications_cmt01b.qmd_result_v2_development">
      <failure type="failure" message="Snapshot of code has changed (variant 'development'): ('test-tables-concomitant-medications-cmt01b.R:1:1')">Snapshot of code has changed (variant 'development'):
old[1:7] vs new[1:7]
  Code
    print(data_snap[[i]])
  Output
-   ATC Level 3 Text                                                                                     
+                                                                                                        
      ATC Level 2 Text                                          A: Drug X    B: Placebo    C: Combination
        Other Treatment                                          (N=134)       (N=134)        (N=132)    
    —————————————————————————————————————————————————————————————————————————————————————————————————————

* Run `testthat::snapshot_accept('development/tables-concomitant-medications-cmt01b')` to accept the change.
* Run `testthat::snapshot_review('development/tables-concomitant-medications-cmt01b')` to interactively review the change.</failure>
    </testcase>
    <testcase time="0.353999999999999" classname="tables_concomitant_medications_cmt01b" name="tables_concomitant_medications_cmt01b.qmd_result_v4_development">
      <failure type="failure" message="Snapshot of code has changed (variant 'development'): ('test-tables-concomitant-medications-cmt01b.R:1:1')">Snapshot of code has changed (variant 'development'):
old[1:7] vs new[1:7]
  Code
    print(data_snap[[i]])
  Output
-   ATC Level 1 Text                                                                                       
+                                                                                                          
      ATC Level 2 Text                                                                                     
        ATC Level 3 Text                                                                                   
          ATC Level 4 Text                                         A: Drug X    B: Placebo   C: Combination

* Run `testthat::snapshot_accept('development/tables-concomitant-medications-cmt01b')` to accept the change.
* Run `testthat::snapshot_review('development/tables-concomitant-medications-cmt01b')` to interactively review the change.</failure>
    </testcase>
  </testsuite>
  <testsuite name="tables-concomitant-medications-cmt02_pt" timestamp="2024-11-26T16:40:04Z" hostname="7b83bdb8de48" tests="1" skipped="0" failures="0" errors="0" time="0.122">
    <testcase time="0.122" classname="tables_concomitant_medications_cmt02_pt" name="tables_concomitant_medications_cmt02_pt.qmd_result_v1_development"/>
  </testsuite>
  <testsuite name="tables-deaths-dtht01" timestamp="2024-11-26T16:40:04Z" hostname="7b83bdb8de48" tests="4" skipped="0" failures="0" errors="0" time="0.685">
    <testcase time="0.212" classname="tables_deaths_dtht01" name="tables_deaths_dtht01.qmd_result_v1_development"/>
    <testcase time="0.187999999999999" classname="tables_deaths_dtht01" name="tables_deaths_dtht01.qmd_result_v2_development"/>
    <testcase time="0.164000000000001" classname="tables_deaths_dtht01" name="tables_deaths_dtht01.qmd_result_v3_development"/>
    <testcase time="0.120999999999999" classname="tables_deaths_dtht01" name="tables_deaths_dtht01.qmd_result_v4_development"/>
  </testsuite>
  <testsuite name="tables-demography-dmt01" timestamp="2024-11-26T16:40:05Z" hostname="7b83bdb8de48" tests="5" skipped="0" failures="0" errors="0" time="0.949">
    <testcase time="0.258000000000003" classname="tables_demography_dmt01" name="tables_demography_dmt01.qmd_result_v1_development"/>
    <testcase time="0.189" classname="tables_demography_dmt01" name="tables_demography_dmt01.qmd_result_v2_development"/>
    <testcase time="0.183999999999997" classname="tables_demography_dmt01" name="tables_demography_dmt01.qmd_result_v3_development"/>
    <testcase time="0.166" classname="tables_demography_dmt01" name="tables_demography_dmt01.qmd_result_v4_development"/>
    <testcase time="0.152000000000001" classname="tables_demography_dmt01" name="tables_demography_dmt01.qmd_result_v5_development"/>
  </testsuite>
  <testsuite name="tables-disclosures-disclosurest01" timestamp="2024-11-26T16:40:06Z" hostname="7b83bdb8de48" tests="6" skipped="0" failures="1" errors="0" time="0.89">
    <testcase time="0.193999999999999" classname="tables_disclosures_disclosurest01" name="tables_disclosures_disclosurest01.qmd_result_v1_development"/>
    <testcase time="0.192" classname="tables_disclosures_disclosurest01" name="tables_disclosures_disclosurest01.qmd_result_v2_development"/>
    <testcase time="0.112000000000002" classname="tables_disclosures_disclosurest01" name="tables_disclosures_disclosurest01.qmd_result_v3_development"/>
    <testcase time="0.173999999999999" classname="tables_disclosures_disclosurest01" name="tables_disclosures_disclosurest01.qmd_result_v4_development"/>
    <testcase time="0.128" classname="tables_disclosures_disclosurest01" name="tables_disclosures_disclosurest01.qmd_result_v5_development">
      <failure type="failure" message="Snapshot of code has changed (variant 'development'): ('test-tables-disclosures-disclosurest01.R:1:1')">Snapshot of code has changed (variant 'development'):
old[1:7] vs new[1:7]
  Code
    print(data_snap[[i]])
  Output
-   Body System or Organ Class                                                                                                                                     
+                                                                                                                                                                  
      Dictionary-Derived Term                                          Patients (All)   Events (All)   Events (Related)   Events (Fatal)   Events (Fatal &amp; Related)
    ———————————————————————————————————————————————————————————————————————————————————————————————————————————————————————————————————————————————————————————————
    Total number of patients with at least one serious adverse event        104                                                                                    

* Run `testthat::snapshot_accept('development/tables-disclosures-disclosurest01')` to accept the change.
* Run `testthat::snapshot_review('development/tables-disclosures-disclosurest01')` to interactively review the change.</failure>
    </testcase>
    <testcase time="0.0899999999999999" classname="tables_disclosures_disclosurest01" name="tables_disclosures_disclosurest01.qmd_result_v6_development"/>
  </testsuite>
  <testsuite name="tables-disclosures-eudrat01" timestamp="2024-11-26T16:40:07Z" hostname="7b83bdb8de48" tests="1" skipped="0" failures="0" errors="0" time="0.186">
    <testcase time="0.186" classname="tables_disclosures_eudrat01" name="tables_disclosures_eudrat01.qmd_result_v1_development"/>
  </testsuite>
  <testsuite name="tables-disclosures-eudrat02" timestamp="2024-11-26T16:40:07Z" hostname="7b83bdb8de48" tests="1" skipped="0" failures="1" errors="0" time="0.137">
    <testcase time="0.137" classname="tables_disclosures_eudrat02" name="tables_disclosures_eudrat02.qmd_result_v1_development">
      <failure type="failure" message="Snapshot of code has changed (variant 'development'): ('test-tables-disclosures-eudrat02.R:1:1')">Snapshot of code has changed (variant 'development'):
old[1:7] vs new[1:7]
  Code
    print(data_snap[[i]])
  Output
-   Body System or Organ Class                                                                                                                                     
+                                                                                                                                                                  
      Dictionary-Derived Term                                          Patients (All)   Events (All)   Events (Related)   Events (Fatal)   Events (Fatal &amp; Related)
    ———————————————————————————————————————————————————————————————————————————————————————————————————————————————————————————————————————————————————————————————
    Total number of patients with at least one serious adverse event        104                                                                                    

* Run `testthat::snapshot_accept('development/tables-disclosures-eudrat02')` to accept the change.
* Run `testthat::snapshot_review('development/tables-disclosures-eudrat02')` to interactively review the change.</failure>
    </testcase>
  </testsuite>
  <testsuite name="tables-disposition-dst01" timestamp="2024-11-26T16:40:07Z" hostname="7b83bdb8de48" tests="3" skipped="0" failures="0" errors="0" time="0.471">
    <testcase time="0.212999999999997" classname="tables_disposition_dst01" name="tables_disposition_dst01.qmd_result_v1_development"/>
    <testcase time="0.123000000000001" classname="tables_disposition_dst01" name="tables_disposition_dst01.qmd_result_v2_development"/>
    <testcase time="0.135000000000002" classname="tables_disposition_dst01" name="tables_disposition_dst01.qmd_result_v3_development"/>
  </testsuite>
  <testsuite name="tables-disposition-pdt01" timestamp="2024-11-26T16:40:07Z" hostname="7b83bdb8de48" tests="1" skipped="0" failures="0" errors="0" time="0.192">
    <testcase time="0.192" classname="tables_disposition_pdt01" name="tables_disposition_pdt01.qmd_result_v1_development"/>
  </testsuite>
  <testsuite name="tables-disposition-pdt02" timestamp="2024-11-26T16:40:08Z" hostname="7b83bdb8de48" tests="1" skipped="0" failures="0" errors="0" time="0.4">
    <testcase time="0.399999999999999" classname="tables_disposition_pdt02" name="tables_disposition_pdt02.qmd_result_v1_development"/>
  </testsuite>
  <testsuite name="tables-efficacy-aovt01" timestamp="2024-11-26T16:40:09Z" hostname="7b83bdb8de48" tests="1" skipped="0" failures="0" errors="0" time="0.779">
    <testcase time="0.779" classname="tables_efficacy_aovt01" name="tables_efficacy_aovt01.qmd_result_v1_development"/>
  </testsuite>
  <testsuite name="tables-efficacy-aovt02" timestamp="2024-11-26T16:40:09Z" hostname="7b83bdb8de48" tests="1" skipped="0" failures="0" errors="0" time="0.164">
    <testcase time="0.164000000000001" classname="tables_efficacy_aovt02" name="tables_efficacy_aovt02.qmd_result_v1_development"/>
  </testsuite>
  <testsuite name="tables-efficacy-aovt03" timestamp="2024-11-26T16:40:10Z" hostname="7b83bdb8de48" tests="1" skipped="0" failures="0" errors="0" time="0.937">
    <testcase time="0.936999999999998" classname="tables_efficacy_aovt03" name="tables_efficacy_aovt03.qmd_result_v1_development"/>
  </testsuite>
  <testsuite name="tables-efficacy-cfbt01" timestamp="2024-11-26T16:40:10Z" hostname="7b83bdb8de48" tests="1" skipped="0" failures="1" errors="0" time="0.249">
    <testcase time="0.249000000000002" classname="tables_efficacy_cfbt01" name="tables_efficacy_cfbt01.qmd_result_v1_development">
      <failure type="failure" message="Snapshot of code has changed (variant 'development'): ('test-tables-efficacy-cfbt01.R:1:1')">Snapshot of code has changed (variant 'development'):
old[2:8] vs new[2:8]
    print(data_snap[[i]])
  Output
                                   A: Drug X                        B: Placebo                      C: Combination         
-   Parameter                             Change from                       Change from                       Change from  
+                                         Change from                       Change from                       Change from  
      Analysis Visit    Value at Visit      Baseline      Value at Visit      Baseline      Value at Visit      Baseline   
    ———————————————————————————————————————————————————————————————————————————————————————————————————————————————————————
    BFI All Questions                                                                                                      

* Run `testthat::snapshot_accept('development/tables-efficacy-cfbt01')` to accept the change.
* Run `testthat::snapshot_review('development/tables-efficacy-cfbt01')` to interactively review the change.</failure>
    </testcase>
  </testsuite>
  <testsuite name="tables-efficacy-cmht01" timestamp="2024-11-26T16:40:12Z" hostname="7b83bdb8de48" tests="2" skipped="0" failures="0" errors="0" time="2.441">
[...]
        Nominal Time (hr) / Timepoint    n    LTRs/BLQs    Mean       SD     CV (%) Mean   Geometric Mean   CV % Geometric Mean   Median    Minimum    Maximum
    ——————————————————————————————————————————————————————————————————————————————————————————————————————————————————————————————————————————————————————————

* Run `testthat::snapshot_accept('development/tables-pharmacokinetic-pkct01')` to accept the change.
* Run `testthat::snapshot_review('development/tables-pharmacokinetic-pkct01')` to interactively review the change.</failure>
    </testcase>
    <testcase time="0.214999999999996" classname="tables_pharmacokinetic_pkct01" name="tables_pharmacokinetic_pkct01.qmd_result_v2_development">
      <failure type="failure" message="Snapshot of code has changed (variant 'development'): ('test-tables-pharmacokinetic-pkct01.R:1:1')">Snapshot of code has changed (variant 'development'):
old[7:13] vs new[7:13]
    Treatment: A: Drug X
    
    ——————————————————————————————————————————————————————————————————————————————————————————————————————————————————————————————————————————————————————————
-   Treatment Group                            Number                                                                                                         
+                                              Number                                                                                                         
      Visit                                      of                                                                                                           
        Nominal Time (hr) / Timepoint    n    LTRs/BLQs    Mean       SD     CV (%) Mean   Geometric Mean   CV % Geometric Mean   Median    Minimum    Maximum
    ——————————————————————————————————————————————————————————————————————————————————————————————————————————————————————————————————————————————————————————

* Run `testthat::snapshot_accept('development/tables-pharmacokinetic-pkct01')` to accept the change.
* Run `testthat::snapshot_review('development/tables-pharmacokinetic-pkct01')` to interactively review the change.</failure>
    </testcase>
    <testcase time="0.213000000000001" classname="tables_pharmacokinetic_pkct01" name="tables_pharmacokinetic_pkct01.qmd_result_v3_development">
      <failure type="failure" message="Snapshot of code has changed (variant 'development'): ('test-tables-pharmacokinetic-pkct01.R:1:1')">Snapshot of code has changed (variant 'development'):
old[7:13] vs new[7:13]
    Treatment: A: Drug X
    
    ——————————————————————————————————————————————————————————————————————————————————————————————————————————————————————————————————————————————————————————
-   Treatment Group                            Number                                                                                                         
+                                              Number                                                                                                         
      Visit                                      of                                                                                                           
        Nominal Time (hr) / Timepoint    n    LTRs/BLQs    Mean       SD     CV (%) Mean   Geometric Mean   CV % Geometric Mean   Median    Minimum    Maximum
    ——————————————————————————————————————————————————————————————————————————————————————————————————————————————————————————————————————————————————————————

* Run `testthat::snapshot_accept('development/tables-pharmacokinetic-pkct01')` to accept the change.
* Run `testthat::snapshot_review('development/tables-pharmacokinetic-pkct01')` to interactively review the change.</failure>
    </testcase>
  </testsuite>
  <testsuite name="tables-pharmacokinetic-pkpt02" timestamp="2024-11-26T16:40:32Z" hostname="7b83bdb8de48" tests="2" skipped="0" failures="0" errors="0" time="0.279">
    <testcase time="0.170999999999999" classname="tables_pharmacokinetic_pkpt02" name="tables_pharmacokinetic_pkpt02.qmd_result_v1_development"/>
    <testcase time="0.108000000000004" classname="tables_pharmacokinetic_pkpt02" name="tables_pharmacokinetic_pkpt02.qmd_result_v2_development"/>
  </testsuite>
  <testsuite name="tables-pharmacokinetic-pkpt03" timestamp="2024-11-26T16:40:34Z" hostname="7b83bdb8de48" tests="3" skipped="3" failures="0" errors="0" time="1.82">
    <testcase time="1.796" classname="tables_pharmacokinetic_pkpt03" name="tables_pharmacokinetic_pkpt03.qmd_result_v1_development">
      <skipped message="Reason: Snapshot test is not implemented for object of class: list. ('test-tables-pharmacokinetic-pkpt03.R:1:1')"/>
    </testcase>
    <testcase time="0.0129999999999981" classname="tables_pharmacokinetic_pkpt03" name="tables_pharmacokinetic_pkpt03.qmd_result_v2_development">
      <skipped message="Reason: Snapshot test is not implemented for object of class: list. ('test-tables-pharmacokinetic-pkpt03.R:1:1')"/>
    </testcase>
    <testcase time="0.0110000000000028" classname="tables_pharmacokinetic_pkpt03" name="tables_pharmacokinetic_pkpt03.qmd_result_v3_development">
      <skipped message="Reason: Snapshot test is not implemented for object of class: list. ('test-tables-pharmacokinetic-pkpt03.R:1:1')"/>
    </testcase>
  </testsuite>
  <testsuite name="tables-pharmacokinetic-pkpt04" timestamp="2024-11-26T16:40:34Z" hostname="7b83bdb8de48" tests="2" skipped="0" failures="0" errors="0" time="0.302">
    <testcase time="0.180999999999997" classname="tables_pharmacokinetic_pkpt04" name="tables_pharmacokinetic_pkpt04.qmd_result_v1_development"/>
    <testcase time="0.121000000000002" classname="tables_pharmacokinetic_pkpt04" name="tables_pharmacokinetic_pkpt04.qmd_result_v2_development"/>
  </testsuite>
  <testsuite name="tables-pharmacokinetic-pkpt05" timestamp="2024-11-26T16:40:35Z" hostname="7b83bdb8de48" tests="2" skipped="0" failures="2" errors="0" time="0.339">
    <testcase time="0.210999999999999" classname="tables_pharmacokinetic_pkpt05" name="tables_pharmacokinetic_pkpt05.qmd_result_v1_development">
      <failure type="failure" message="Snapshot of code has changed (variant 'development'): ('test-tables-pharmacokinetic-pkpt05.R:1:1')">Snapshot of code has changed (variant 'development'):
old[6:12] vs new[6:12]
    Visit: CYCLE 1 DAY 1
    
    —————————————————————————————————————————————————————————————————————————————————————————————————————————————————————————————
-   Treatment Arm                                                                                                                
+                                                                                                                                
      PK Parameter          n     Mean        SD      CV (%)   Geometric Mean   CV % Geometric Mean   Median    Minimum   Maximum
    —————————————————————————————————————————————————————————————————————————————————————————————————————————————————————————————
    ARM A                                                                                                                        

* Run `testthat::snapshot_accept('development/tables-pharmacokinetic-pkpt05')` to accept the change.
* Run `testthat::snapshot_review('development/tables-pharmacokinetic-pkpt05')` to interactively review the change.</failure>
    </testcase>
    <testcase time="0.128" classname="tables_pharmacokinetic_pkpt05" name="tables_pharmacokinetic_pkpt05.qmd_result_v2_development">
      <failure type="failure" message="Snapshot of code has changed (variant 'development'): ('test-tables-pharmacokinetic-pkpt05.R:1:1')">Snapshot of code has changed (variant 'development'):
old[6:12] vs new[6:12]
    Visit: CYCLE 1 DAY 1
    
    ————————————————————————————————————————————————————————————————————————————————————————————————————————————————————————————
-   Treatment Arm                                                                                                               
+                                                                                                                               
      PK Parameter          n     Mean       SD      CV (%)   Geometric Mean   CV % Geometric Mean   Median    Minimum   Maximum
    ————————————————————————————————————————————————————————————————————————————————————————————————————————————————————————————
    ARM C                                                                                                                       

* Run `testthat::snapshot_accept('development/tables-pharmacokinetic-pkpt05')` to accept the change.
* Run `testthat::snapshot_review('development/tables-pharmacokinetic-pkpt05')` to interactively review the change.</failure>
    </testcase>
  </testsuite>
  <testsuite name="tables-pharmacokinetic-pkpt06" timestamp="2024-11-26T16:40:35Z" hostname="7b83bdb8de48" tests="2" skipped="0" failures="0" errors="0" time="0.154">
    <testcase time="0.0919999999999987" classname="tables_pharmacokinetic_pkpt06" name="tables_pharmacokinetic_pkpt06.qmd_result_v1_development"/>
    <testcase time="0.0620000000000047" classname="tables_pharmacokinetic_pkpt06" name="tables_pharmacokinetic_pkpt06.qmd_result_v2_development"/>
  </testsuite>
  <testsuite name="tables-pharmacokinetic-pkpt07" timestamp="2024-11-26T16:40:35Z" hostname="7b83bdb8de48" tests="2" skipped="0" failures="2" errors="0" time="0.293">
    <testcase time="0.184999999999995" classname="tables_pharmacokinetic_pkpt07" name="tables_pharmacokinetic_pkpt07.qmd_result_v1_development">
      <failure type="failure" message="Snapshot of code has changed (variant 'development'): ('test-tables-pharmacokinetic-pkpt07.R:1:1')">Snapshot of code has changed (variant 'development'):
old[6:12] vs new[6:12]
    Visit: CYCLE 1 DAY 1
    
    —————————————————————————————————————————————————————————————————————————————————————————————————————————————————————————————
-   Treatment Arm                                                                                                                
+                                                                                                                                
      PK Parameter          n     Mean        SD      CV (%)   Geometric Mean   CV % Geometric Mean   Median    Minimum   Maximum
    —————————————————————————————————————————————————————————————————————————————————————————————————————————————————————————————
    ARM A                                                                                                                        

* Run `testthat::snapshot_accept('development/tables-pharmacokinetic-pkpt07')` to accept the change.
* Run `testthat::snapshot_review('development/tables-pharmacokinetic-pkpt07')` to interactively review the change.</failure>
    </testcase>
    <testcase time="0.108000000000004" classname="tables_pharmacokinetic_pkpt07" name="tables_pharmacokinetic_pkpt07.qmd_result_v2_development">
      <failure type="failure" message="Snapshot of code has changed (variant 'development'): ('test-tables-pharmacokinetic-pkpt07.R:1:1')">Snapshot of code has changed (variant 'development'):
old[6:12] vs new[6:12]
    Visit: CYCLE 1 DAY 1
    
    ————————————————————————————————————————————————————————————————————————————————————————————————————————————————————————————
-   Treatment Arm                                                                                                               
+                                                                                                                               
      PK Parameter          n     Mean       SD      CV (%)   Geometric Mean   CV % Geometric Mean   Median    Minimum   Maximum
    ————————————————————————————————————————————————————————————————————————————————————————————————————————————————————————————
    ARM C                                                                                                                       

* Run `testthat::snapshot_accept('development/tables-pharmacokinetic-pkpt07')` to accept the change.
* Run `testthat::snapshot_review('development/tables-pharmacokinetic-pkpt07')` to interactively review the change.</failure>
    </testcase>
  </testsuite>
  <testsuite name="tables-pharmacokinetic-pkpt08" timestamp="2024-11-26T16:40:36Z" hostname="7b83bdb8de48" tests="1" skipped="0" failures="0" errors="0" time="0.151">
    <testcase time="0.150999999999996" classname="tables_pharmacokinetic_pkpt08" name="tables_pharmacokinetic_pkpt08.qmd_result_v1_development"/>
  </testsuite>
  <testsuite name="tables-pharmacokinetic-pkpt11" timestamp="2024-11-26T16:40:36Z" hostname="7b83bdb8de48" tests="1" skipped="0" failures="1" errors="0" time="0.091">
    <testcase time="0.0910000000000011" classname="tables_pharmacokinetic_pkpt11" name="tables_pharmacokinetic_pkpt11.qmd_result_v1_development">
      <failure type="failure" message="Snapshot of code has changed (variant 'development'): ('test-tables-pharmacokinetic-pkpt11.R:1:1')">Snapshot of code has changed (variant 'development'):
old[6:12] vs new[6:12]
    Analyte: Plasma Drug X
    
    ———————————————————————————————————————————————————————————————————————————————————————————————————————————————————————
-   PK Parameter                                                                                                           
+                                                                                                                          
                            Comparison                  n    Geometric Mean Ratio   90% CI Lower Bound   90% CI Upper Bound
    ———————————————————————————————————————————————————————————————————————————————————————————————————————————————————————
    AUCinf obs (day*ug/mL)                                                                                                 

* Run `testthat::snapshot_accept('development/tables-pharmacokinetic-pkpt11')` to accept the change.
* Run `testthat::snapshot_review('development/tables-pharmacokinetic-pkpt11')` to interactively review the change.</failure>
    </testcase>
  </testsuite>
  <testsuite name="tables-risk-management-plan-rmpt01" timestamp="2024-11-26T16:40:36Z" hostname="7b83bdb8de48" tests="1" skipped="0" failures="0" errors="0" time="0.311">
    <testcase time="0.311" classname="tables_risk_management_plan_rmpt01" name="tables_risk_management_plan_rmpt01.qmd_result_v1_development"/>
  </testsuite>
  <testsuite name="tables-risk-management-plan-rmpt03" timestamp="2024-11-26T16:40:36Z" hostname="7b83bdb8de48" tests="2" skipped="0" failures="0" errors="0" time="0.211">
    <testcase time="0.121000000000002" classname="tables_risk_management_plan_rmpt03" name="tables_risk_management_plan_rmpt03.qmd_result_v1_development"/>
    <testcase time="0.0900000000000034" classname="tables_risk_management_plan_rmpt03" name="tables_risk_management_plan_rmpt03.qmd_result_v2_development"/>
  </testsuite>
  <testsuite name="tables-risk-management-plan-rmpt04" timestamp="2024-11-26T16:40:36Z" hostname="7b83bdb8de48" tests="1" skipped="0" failures="0" errors="0" time="0.066">
    <testcase time="0.0659999999999954" classname="tables_risk_management_plan_rmpt04" name="tables_risk_management_plan_rmpt04.qmd_result_v1_development"/>
  </testsuite>
  <testsuite name="tables-risk-management-plan-rmpt05" timestamp="2024-11-26T16:40:36Z" hostname="7b83bdb8de48" tests="1" skipped="0" failures="0" errors="0" time="0.077">
    <testcase time="0.0769999999999982" classname="tables_risk_management_plan_rmpt05" name="tables_risk_management_plan_rmpt05.qmd_result_v1_development"/>
  </testsuite>
  <testsuite name="tables-risk-management-plan-rmpt06" timestamp="2024-11-26T16:40:36Z" hostname="7b83bdb8de48" tests="4" skipped="0" failures="0" errors="0" time="0.54">
    <testcase time="0.168000000000006" classname="tables_risk_management_plan_rmpt06" name="tables_risk_management_plan_rmpt06.qmd_result_v1_development"/>
    <testcase time="0.129999999999995" classname="tables_risk_management_plan_rmpt06" name="tables_risk_management_plan_rmpt06.qmd_result_v2_development"/>
    <testcase time="0.119" classname="tables_risk_management_plan_rmpt06" name="tables_risk_management_plan_rmpt06.qmd_result_v3_development"/>
    <testcase time="0.123000000000005" classname="tables_risk_management_plan_rmpt06" name="tables_risk_management_plan_rmpt06.qmd_result_v4_development"/>
  </testsuite>
  <testsuite name="tables-safety-enrollment01" timestamp="2024-11-26T16:40:37Z" hostname="7b83bdb8de48" tests="4" skipped="0" failures="2" errors="0" time="2.19">
    <testcase time="0.720999999999997" classname="tables_safety_enrollment01" name="tables_safety_enrollment01.qmd_result_v1_development">
      <failure type="failure" message="Snapshot of code has changed (variant 'development'): ('test-tables-safety-enrollment01.R:1:1')">Snapshot of code has changed (variant 'development'):
old[1:7] vs new[1:7]
  Code
    print(data_snap[[i]])
  Output
-   Geographic Region 1                                                                  
+                                                                                        
      Country                     A: Drug X    B: Placebo   C: Combination   All Patients
        Investigator Identifier    (N=134)      (N=134)        (N=132)         (N=400)   
    —————————————————————————————————————————————————————————————————————————————————————

* Run `testthat::snapshot_accept('development/tables-safety-enrollment01')` to accept the change.
* Run `testthat::snapshot_review('development/tables-safety-enrollment01')` to interactively review the change.</failure>
    </testcase>
    <testcase time="0.484000000000002" classname="tables_safety_enrollment01" name="tables_safety_enrollment01.qmd_result_v2_development"/>
    <testcase time="0.515000000000001" classname="tables_safety_enrollment01" name="tables_safety_enrollment01.qmd_result_v3_development">
      <failure type="failure" message="Snapshot of code has changed (variant 'development'): ('test-tables-safety-enrollment01.R:1:1')">Snapshot of code has changed (variant 'development'):
old[1:7] vs new[1:7]
  Code
    print(data_snap[[i]])
  Output
-   Geographic Region 1                                                                         
+                                                                                               
      Country                            A: Drug X    B: Placebo   C: Combination   All Patients
        Investigator Number/Name          (N=134)      (N=134)        (N=132)         (N=400)   
    ————————————————————————————————————————————————————————————————————————————————————————————

* Run `testthat::snapshot_accept('development/tables-safety-enrollment01')` to accept the change.
* Run `testthat::snapshot_review('development/tables-safety-enrollment01')` to interactively review the change.</failure>
    </testcase>
    <testcase time="0.469999999999999" classname="tables_safety_enrollment01" name="tables_safety_enrollment01.qmd_result_v4_development"/>
  </testsuite>
  <testsuite name="tables-vital-signs-vst01" timestamp="2024-11-26T16:40:39Z" hostname="7b83bdb8de48" tests="1" skipped="0" failures="0" errors="0" time="0.329">
    <testcase time="0.329000000000001" classname="tables_vital_signs_vst01" name="tables_vital_signs_vst01.qmd_result_v1_development"/>
  </testsuite>
  <testsuite name="tables-vital-signs-vst02" timestamp="2024-11-26T16:40:40Z" hostname="7b83bdb8de48" tests="2" skipped="0" failures="0" errors="0" time="0.273">
    <testcase time="0.143000000000001" classname="tables_vital_signs_vst02" name="tables_vital_signs_vst02.qmd_result_v1_development"/>
    <testcase time="0.129999999999995" classname="tables_vital_signs_vst02" name="tables_vital_signs_vst02.qmd_result_v2_development"/>
  </testsuite>
</testsuites>
